<?xml version="1.0" encoding="UTF-8"?>
<!-- Generated by org.testng.reporters.JUnitXMLReporter -->
<testsuite ignored="2" hostname="DESKTOP-8U4S44M" failures="0" tests="1" name="Default test" time="0.571" errors="0" timestamp="2023-09-25T15:46:29 IST">
  <testcase classname="Serialization.EmpDeSeriliazationJsonToJava" name="empAOB" time="0.478"/>
  <testcase classname="Serialization.EmpDeSeriliazationJsonToJava" name="deSer" time="0.0">
    <ignored/>
  </testcase> <!-- deSer -->
  <testcase classname="Serialization.EmpDeSeriliazationJsonToJava" name="complexDeSer" time="0.0">
    <ignored/>
  </testcase> <!-- complexDeSer -->
</testsuite> <!-- Default test -->
