<?xml version="1.0" encoding="UTF-8"?>
<!-- Generated by org.testng.reporters.JUnitXMLReporter -->
<testsuite ignored="0" hostname="DESKTOP-8U4S44M" failures="0" tests="3" name="Default test" time="0.469" errors="0" timestamp="2023-09-08T13:31:06 IST">
  <testcase classname="Serialization.EmpSerializationJavaToJson" name="complexAOB" time="0.368"/>
  <testcase classname="Serialization.EmpSerializationJavaToJson" name="complexDataSer" time="0.011"/>
  <testcase classname="Serialization.EmpSerializationJavaToJson" name="simpleEmpSer" time="0.012"/>
</testsuite> <!-- Default test -->
