<?xml version="1.0" encoding="UTF-8"?>
<testng-results ignored="0" total="1" passed="1" failed="0" skipped="0">
  <reporter-output>
  </reporter-output>
  <suite started-at="2023-11-13T10:15:57 IST" name="Default suite" finished-at="2023-11-13T10:16:01 IST" duration-ms="3694">
    <groups>
    </groups>
    <test started-at="2023-11-13T10:15:57 IST" name="Default test" finished-at="2023-11-13T10:16:01 IST" duration-ms="3694">
      <class name="Interview_RestAssured.SchemaValidator">
        <test-method signature="schema()[pri:0, instance:Interview_RestAssured.SchemaValidator@79e4c792]" started-at="2023-11-13T10:15:57 IST" name="schema" finished-at="2023-11-13T10:16:01 IST" duration-ms="3623" status="PASS">
          <reporter-output>
          </reporter-output>
        </test-method> <!-- schema -->
      </class> <!-- Interview_RestAssured.SchemaValidator -->
    </test> <!-- Default test -->
  </suite> <!-- Default suite -->
</testng-results>
