<?xml version="1.0" encoding="UTF-8"?>
<testng-results ignored="0" total="1" passed="1" failed="0" skipped="0">
  <reporter-output>
  </reporter-output>
  <suite started-at="2023-08-14T14:40:19 IST" name="Default suite" finished-at="2023-08-14T14:40:23 IST" duration-ms="4453">
    <groups>
    </groups>
    <test started-at="2023-08-14T14:40:19 IST" name="Default test" finished-at="2023-08-14T14:40:23 IST" duration-ms="4453">
      <class name="ResponceBodyValidation.DynamicReponseValidationReqres">
        <test-method signature="checkDynamicResponse()[pri:0, instance:ResponceBodyValidation.DynamicReponseValidationReqres@19e4653c]" started-at="2023-08-14T14:40:19 IST" name="checkDynamicResponse" finished-at="2023-08-14T14:40:23 IST" duration-ms="4389" status="PASS">
          <reporter-output>
          </reporter-output>
        </test-method> <!-- checkDynamicResponse -->
      </class> <!-- ResponceBodyValidation.DynamicReponseValidationReqres -->
    </test> <!-- Default test -->
  </suite> <!-- Default suite -->
</testng-results>
