<?xml version="1.0" encoding="UTF-8"?>
<testng-results ignored="0" total="1" passed="1" failed="0" skipped="0">
  <reporter-output>
  </reporter-output>
  <suite started-at="2023-09-25T15:46:28 IST" name="Default suite" finished-at="2023-09-25T15:46:29 IST" duration-ms="571">
    <groups>
    </groups>
    <test started-at="2023-09-25T15:46:28 IST" name="Default test" finished-at="2023-09-25T15:46:29 IST" duration-ms="571">
      <class name="Serialization.EmpDeSeriliazationJsonToJava">
        <test-method signature="empAOB()[pri:3, instance:Serialization.EmpDeSeriliazationJsonToJava@28261e8e]" started-at="2023-09-25T15:46:28 IST" name="empAOB" finished-at="2023-09-25T15:46:29 IST" duration-ms="478" status="PASS">
          <reporter-output>
          </reporter-output>
        </test-method> <!-- empAOB -->
      </class> <!-- Serialization.EmpDeSeriliazationJsonToJava -->
    </test> <!-- Default test -->
  </suite> <!-- Default suite -->
</testng-results>
