<?xml version="1.0" encoding="UTF-8"?>
<testng-results ignored="0" total="3" passed="3" failed="0" skipped="0">
  <reporter-output>
  </reporter-output>
  <suite started-at="2023-09-08T13:31:05 IST" name="Default suite" finished-at="2023-09-08T13:31:06 IST" duration-ms="469">
    <groups>
    </groups>
    <test started-at="2023-09-08T13:31:05 IST" name="Default test" finished-at="2023-09-08T13:31:06 IST" duration-ms="469">
      <class name="Serialization.EmpSerializationJavaToJson">
        <test-method signature="complexAOB()[pri:0, instance:Serialization.EmpSerializationJavaToJson@4a83a74a]" started-at="2023-09-08T13:31:06 IST" name="complexAOB" finished-at="2023-09-08T13:31:06 IST" duration-ms="368" status="PASS">
          <reporter-output>
          </reporter-output>
        </test-method> <!-- complexAOB -->
        <test-method signature="complexDataSer()[pri:0, instance:Serialization.EmpSerializationJavaToJson@4a83a74a]" started-at="2023-09-08T13:31:06 IST" name="complexDataSer" finished-at="2023-09-08T13:31:06 IST" duration-ms="11" status="PASS">
          <reporter-output>
          </reporter-output>
        </test-method> <!-- complexDataSer -->
        <test-method signature="simpleEmpSer()[pri:0, instance:Serialization.EmpSerializationJavaToJson@4a83a74a]" started-at="2023-09-08T13:31:06 IST" name="simpleEmpSer" finished-at="2023-09-08T13:31:06 IST" duration-ms="12" status="PASS">
          <reporter-output>
          </reporter-output>
        </test-method> <!-- simpleEmpSer -->
      </class> <!-- Serialization.EmpSerializationJavaToJson -->
    </test> <!-- Default test -->
  </suite> <!-- Default suite -->
</testng-results>
